<?xml version="1.0" encoding="UTF-8"?>
<!-- Generated by org.testng.reporters.JUnitReportReporter -->
<testsuite skipped="0" hostname="LT-NB-058" name="com.kpo.test.Testing" tests="1" failures="0" timestamp="21 Nov 2018 05:55:59 GMT" time="7.708" errors="0">
  <testcase name="loginTestcase" time="7.708" classname="com.kpo.test.Testing"/>
</testsuite> <!-- com.kpo.test.Testing -->
